<?xml version="1.0" encoding="UTF-8"?>
<testsuite xmlns:xsi="http://www.w3.org/2001/XMLSchema-instance" xsi:noNamespaceSchemaLocation="https://maven.apache.org/surefire/maven-surefire-plugin/xsd/surefire-test-report-3.0.xsd" version="3.0" name="com.pbs.app.ControllerTests" time="31.896" tests="8" errors="0" skipped="0" failures="6">
  <properties>
[...]
</properties>
  <testcase name="testCreatorsScanCount" classname="com.pbs.app.ControllerTests" time="3.841">
    <system-out><![CDATA[2024-09-15T22:55:37.566+02:00  INFO 90508 --- [app] [           main] t.c.s.AnnotationConfigContextLoaderUtils : Could not detect default configuration classes for test class [com.pbs.app.ControllerTests]: ControllerTests does not declare any static, non-private, non-final, nested classes annotated with @Configuration.
2024-09-15T22:55:37.571+02:00  INFO 90508 --- [app] [           main] .b.t.c.SpringBootTestContextBootstrapper : Found @SpringBootConfiguration com.pbs.app.AppApplication for test class com.pbs.app.ControllerTests

  .   ____          _            __ _ _
 /\\ / ___'_ __ _ _(_)_ __  __ _ \ \ \ \
( ( )\___ | '_ | '_| | '_ \/ _` | \ \ \ \
 \\/  ___)| |_)| | | | | || (_| |  ) ) ) )
  '  |____| .__|_| |_|_| |_\__, | / / / /
 =========|_|==============|___/=/_/_/_/
 :: Spring Boot ::                (v3.2.3)

2024-09-15T22:55:37.582+02:00  INFO 90508 --- [app] [           main] com.pbs.app.ControllerTests              : Starting ControllerTests using Java 21.0.3 with PID 90508 (started by adriangroening in /Users/adriangroening/Desktop/Iteration3/PBS-Backend)
2024-09-15T22:55:37.582+02:00  INFO 90508 --- [app] [           main] com.pbs.app.ControllerTests              : No active profile set, falling back to 1 default profile: "default"
2024-09-15T22:55:37.645+02:00  INFO 90508 --- [app] [           main] .s.d.r.c.RepositoryConfigurationDelegate : Bootstrapping Spring Data JPA repositories in DEFAULT mode.
2024-09-15T22:55:37.648+02:00  INFO 90508 --- [app] [           main] .s.d.r.c.RepositoryConfigurationDelegate : Finished Spring Data repository scanning in 2 ms. Found 0 JPA repository interfaces.
2024-09-15T22:55:37.830+02:00  INFO 90508 --- [app] [           main] com.zaxxer.hikari.HikariDataSource       : HikariPool-2 - Starting...
2024-09-15T22:55:37.831+02:00  INFO 90508 --- [app] [           main] com.zaxxer.hikari.pool.HikariPool        : HikariPool-2 - Added connection conn10: url=jdbc:h2:mem:testdb user=SA
2024-09-15T22:55:37.832+02:00  INFO 90508 --- [app] [           main] com.zaxxer.hikari.HikariDataSource       : HikariPool-2 - Start completed.
2024-09-15T22:55:37.834+02:00  INFO 90508 --- [app] [           main] o.hibernate.jpa.internal.util.LogHelper  : HHH000204: Processing PersistenceUnitInfo [name: default]
2024-09-15T22:55:37.836+02:00  INFO 90508 --- [app] [           main] o.h.c.internal.RegionFactoryInitiator    : HHH000026: Second-level cache disabled
2024-09-15T22:55:37.842+02:00  INFO 90508 --- [app] [           main] o.s.o.j.p.SpringPersistenceUnitInfo      : No LoadTimeWeaver setup: ignoring JPA class transformer
2024-09-15T22:55:37.843+02:00  WARN 90508 --- [app] [           main] org.hibernate.orm.deprecation            : HHH90000025: H2Dialect does not need to be specified explicitly using 'hibernate.dialect' (remove the property setting and it will be selected by default)
2024-09-15T22:55:37.854+02:00  INFO 90508 --- [app] [           main] o.h.e.t.j.p.i.JtaPlatformInitiator       : HHH000489: No JTA platform available (set 'hibernate.transaction.jta.platform' to enable JTA platform integration)
2024-09-15T22:55:37.854+02:00  INFO 90508 --- [app] [           main] j.LocalContainerEntityManagerFactoryBean : Initialized JPA EntityManagerFactory for persistence unit 'default'
2024-09-15T22:55:37.907+02:00  WARN 90508 --- [app] [           main] JpaBaseConfiguration$JpaWebConfiguration : spring.jpa.open-in-view is enabled by default. Therefore, database queries may be performed during view rendering. Explicitly configure spring.jpa.open-in-view to disable this warning
2024-09-15T22:55:38.042+02:00  INFO 90508 --- [app] [           main] o.s.b.t.m.w.SpringBootMockServletContext : Initializing Spring TestDispatcherServlet ''
2024-09-15T22:55:38.042+02:00  INFO 90508 --- [app] [           main] o.s.t.web.servlet.TestDispatcherServlet  : Initializing Servlet ''
2024-09-15T22:55:38.045+02:00  INFO 90508 --- [app] [           main] o.s.t.web.servlet.TestDispatcherServlet  : Completed initialization in 2 ms
2024-09-15T22:55:38.052+02:00  INFO 90508 --- [app] [           main] com.pbs.app.ControllerTests              : Started ControllerTests in 0.479 seconds (process running for 2.349)
]]></system-out>
  </testcase>
  <testcase name="testRankingOfMostFavorited" classname="com.pbs.app.ControllerTests" time="5.21">
    <failure message="Content type expected:&lt;application/json&gt; but was:&lt;text/plain;charset=UTF-8&gt;" type="java.lang.AssertionError"><![CDATA[java.lang.AssertionError: Content type expected:<application/json> but was:<text/plain;charset=UTF-8>
	at org.springframework.test.util.AssertionErrors.fail(AssertionErrors.java:59)
	at org.springframework.test.util.AssertionErrors.assertEquals(AssertionErrors.java:122)
	at org.springframework.test.web.servlet.result.ContentResultMatchers.lambda$contentType$0(ContentResultMatchers.java:86)
	at org.springframework.test.web.servlet.MockMvc$1.andExpect(MockMvc.java:214)
	at com.pbs.app.ControllerTests.testRankingOfMostFavorited(ControllerTests.java:128)
	at java.base/java.lang.reflect.Method.invoke(Method.java:580)
	at java.base/java.util.ArrayList.forEach(ArrayList.java:1596)
	at java.base/java.util.ArrayList.forEach(ArrayList.java:1596)
]]></failure>
    <system-out><![CDATA[
MockHttpServletRequest:
      HTTP Method = POST
      Request URI = /rankingofmostfavorited
       Parameters = {}
          Headers = []
             Body = null
    Session Attrs = {}

Handler:
             Type = com.pbs.app.Controller
           Method = com.pbs.app.Controller#rankingOfMostFavorited()

Async:
    Async started = false
     Async result = null

Resolved Exception:
             Type = null

ModelAndView:
        View name = null
             View = null
            Model = null

FlashMap:
       Attributes = null

MockHttpServletResponse:
           Status = 200
    Error message = null
          Headers = [Content-Type:"text/plain;charset=UTF-8", Content-Length:"5041"]
     Content type = text/plain;charset=UTF-8
             Body = [{"couponsAvailable":false,"topRated":false,"isNew":false,"isPriorityListing":false,"onSale":false,"onPromotion":false,"points":0},{"productID":"P852076399","name":"Ground Beef","price":"9.5","barcode":"4","currency":"USD","category":"null","brand":"HeartBrand Beef","commissionRate":"6.00-6.00","affiliate":"Impact","webURL":"https://heartbrand-beef.myshopify.com/products/ground-beef","affiliateWebURL":"https://heartbrand-beef.myshopify.com/products/ground-beef","description":"\u003cp\u003eTake your best ground beef recipes from average to exceptional with Certified Akaushi Beef™ ground beef. You’ll experience a more intense, meaty flavor thanks to a high percentage of monounsaturated fat. And, you’ll taste the difference when you grill your favorite hamburger or cook up your favorite dish  – \u003ca title\u003d\"bolognese recipe\" href\u003d\"https://www.youtube.com/watch?v\u003dtt1mVhmvKAo\u0026amp;list\u003dPLxVtSBfOn5NqujlTKjgRsWR3AdXNa52ue\u0026amp;index\u003d10\" target\u003d\"_blank\"\u003eBolognese\u003c/a\u003e is a favorite of ours! Each package is 1 pound.\u003c/p\u003e","earningsPerClick":"0.00","totalSalesVolume":"0","imageURL":"https://cdn.shopify.com/s/files/1/0717/2059/9865/products/groundbeef1.jpg?v\u003d1680050339","couponsAvailable":false,"topRated":false,"isNew":false,"isPriorityListing":false,"onSale":false,"onPromotion":false,"points":0},{"productID":"P810698281","name":"5 YEAR ACCIDENTAL DAMAGE COVER £750 - £999.99","price":"42.67810966696724","barcode":"4","currency":"USD","category":"Mattresses","brand":"null","commissionRate":"0.00-0.00","affiliate":"Impact","webURL":"https://www.nectarsleep.co.uk/products/furniture-warranty-5yrs?variant\u003d39403527372846\u0026awc\u003d15523_1638816362_7437a5417b0ce473f8f0625f1b1ac74e\u0026utm_campaign\u003dAWIN\u0026utm_content\u003d13430_Sub+Networks\u0026utm_source\u003dAwin+Broken+Links+Account\u0026utm_medium\u003daff","affiliateWebURL":"https://www.nectarsleep.co.uk/products/furniture-warranty-5yrs?variant\u003d39403527372846\u0026awc\u003d15523_1638816362_7437a5417b0ce473f8f0625f1b1ac74e\u0026utm_campaign\u003dAWIN\u0026utm_content\u003d13430_Sub+Networks\u0026utm_source\u003dAwin+Broken+Links+Account\u0026utm_medium\u003daff","description":"Protect your new Nectar mattress with our 5 year accidental damage warranty.","earningsPerClick":"2.48","totalSalesVolume":"0","imageURL":"https://res.cloudinary.com/kwres/image/upload/v1636490724/Awin%20Product%20Feed/2/5-year-accidental-damage-cover-nectarstaging-415420_grande_p7xtdk.jpg","couponsAvailable":false,"topRated":false,"isNew":false,"isPriorityListing":false,"onSale":false,"onPromotion":false,"points":0},{"productID":"P542854560","name":"ASSORTED GUM- MINT LOVERS","price":"15.99","barcode":"4","currency":"USD","category":"null","brand":"Simply Gum","commissionRate":"15.00-15.00","affiliate":"Impact","webURL":"https://simply-gum.myshopify.com/products/assorted-gum-mint-lovers","affiliateWebURL":"https://simply-gum.myshopify.com/products/assorted-gum-mint-lovers","description":"\u003cmeta charset\u003d\"utf-8\"\u003e\n\u003cp\u003e\u003cspan\u003e3 Packs Each of Peppermint Gum and Spearmint Gum. \u003c/span\u003e\u003cspan\u003eEach pack of gum is made in New York with the finest ingredients sourced from around the world. We never use anything artificial - \u003c/span\u003eno\u003cspan\u003e aspartame or synthetic plastics.\u003c/span\u003e\u003c/p\u003e\n\u003c!-- split --\u003e\n\u003ch5\u003e\u003c/h5\u003e","earningsPerClick":"0.00","totalSalesVolume":"0","imageURL":"https://cdn.shopify.com/s/files/1/1081/8218/products/MintLovers6pk.jpg?v\u003d1655485654","couponsAvailable":false,"topRated":false,"isNew":false,"isPriorityListing":false,"onSale":false,"onPromotion":false,"points":0},{"productID":"318","name":"Ground Beef","price":"9.5","barcode":"4","currency":"USD","category":"null","brand":"HeartBrand Beef","commissionRate":"6.00-6.00","affiliate":"Impact","webURL":"https://heartbrand-beef.myshopify.com/products/ground-beef","affiliateWebURL":"https://heartbrand-beef.myshopify.com/products/ground-beef","description":"\u003cp\u003eTake your best ground beef recipes from average to exceptional with Certified Akaushi Beef™ ground beef. You’ll experience a more intense, meaty flavor thanks to a high percentage of monounsaturated fat. And, you’ll taste the difference when you grill your favorite hamburger or cook up your favorite dish  – \u003ca title\u003d\"bolognese recipe\" href\u003d\"https://www.youtube.com/watch?v\u003dtt1mVhmvKAo\u0026amp;list\u003dPLxVtSBfOn5NqujlTKjgRsWR3AdXNa52ue\u0026amp;index\u003d10\" target\u003d\"_blank\"\u003eBolognese\u003c/a\u003e is a favorite of ours! Each package is 1 pound.\u003c/p\u003e","earningsPerClick":"0.00","totalSalesVolume":"0","imageURL":"https://cdn.shopify.com/s/files/1/0717/2059/9865/products/groundbeef1.jpg?v\u003d1680050339","couponsAvailable":false,"topRated":false,"isNew":false,"isPriorityListing":false,"onSale":false,"onPromotion":false,"points":0}]
    Forwarded URL = null
   Redirected URL = null
          Cookies = []
]]></system-out>
  </testcase>
  <testcase name="testCreatorsShareCount" classname="com.pbs.app.ControllerTests" time="3.512"/>
  <testcase name="testRankingOfMostScanned" classname="com.pbs.app.ControllerTests" time="3.12">
    <failure message="Content type expected:&lt;application/json&gt; but was:&lt;text/plain;charset=UTF-8&gt;" type="java.lang.AssertionError"><![CDATA[java.lang.AssertionError: Content type expected:<application/json> but was:<text/plain;charset=UTF-8>
	at org.springframework.test.util.AssertionErrors.fail(AssertionErrors.java:59)
	at org.springframework.test.util.AssertionErrors.assertEquals(AssertionErrors.java:122)
	at org.springframework.test.web.servlet.result.ContentResultMatchers.lambda$contentType$0(ContentResultMatchers.java:86)
	at org.springframework.test.web.servlet.MockMvc$1.andExpect(MockMvc.java:214)
	at com.pbs.app.ControllerTests.testRankingOfMostScanned(ControllerTests.java:143)
	at java.base/java.lang.reflect.Method.invoke(Method.java:580)
	at java.base/java.util.ArrayList.forEach(ArrayList.java:1596)
	at java.base/java.util.ArrayList.forEach(ArrayList.java:1596)
]]></failure>
    <system-out><![CDATA[
MockHttpServletRequest:
      HTTP Method = POST
      Request URI = /rankingofmostscanned
       Parameters = {}
          Headers = []
             Body = null
    Session Attrs = {}

Handler:
             Type = com.pbs.app.Controller
           Method = com.pbs.app.Controller#rankingOfMostScanned()

Async:
    Async started = false
     Async result = null

Resolved Exception:
             Type = null

ModelAndView:
        View name = null
             View = null
            Model = null

FlashMap:
       Attributes = null

MockHttpServletResponse:
           Status = 200
    Error message = null
          Headers = [Content-Type:"text/plain;charset=UTF-8", Content-Length:"1387"]
     Content type = text/plain;charset=UTF-8
             Body = [{"scanID":"SH996929","creatorID":"C16","productBarcode":"5702017584430","dateOfScan":"2024-09-15","name":"LEGO Star Wars 75387 Boarding the Tantive IV In Multi","photo":"https://assets.kogan.com/images/hobbyco/HYC-LEG75387/1-cb15338824-leg75387-1.png?auto\u003dwebp"},{"scanID":"SH94606","creatorID":"C18","productBarcode":"5702017584478","dateOfScan":"2024-07-29","name":"LEGO Star Wars: Captain Rex Y-Wing Microfighter - (75391)","photo":"https://www.bigw.com.au/medias/sys_master/images/images/h08/h51/49514013425694.jpg"},{"scanID":"SH94231","creatorID":"C16","productBarcode":"9781529101478","dateOfScan":"2024-09-08","name":"Star Wars Thrawn Ascendancy by Timothy Zahn","photo":"https://assets.kogan.com/images/mightyape/MPE-34262314/1-c2a9988ecd-295189993.jpeg"},{"scanID":"SH83020","creatorID":"C13","productBarcode":"5702017598963","dateOfScan":"2024-07-26","name":"LEGO® 75377 Star Wars™ Invisible Hand™","photo":"https://myer-media.com.au/wcsstore/MyerCatalogAssetStore/images/30/654/5518/11/2/154058380/154058380_1_720x928.jpg"},{"scanID":"SH85509","creatorID":"C25","productBarcode":"5702017583730","dateOfScan":"2024-08-21","name":"David Jones LEGO ® Ford Mustang Dark Horse Sports Car 76920 Toy in Speed Champions","photo":"https://assets.mydeal.com.au/48153/lego-speed-champions-ford-mustang-dark-horse-sports-car-76920-11602311_00.jpg?v\u003d638538737437080176"}]
    Forwarded URL = null
   Redirected URL = null
          Cookies = []
]]></system-out>
  </testcase>
  <testcase name="testMostScannedBrands" classname="com.pbs.app.ControllerTests" time="3.366">
    <failure message="Content type expected:&lt;application/json&gt; but was:&lt;text/plain;charset=UTF-8&gt;" type="java.lang.AssertionError"><![CDATA[java.lang.AssertionError: Content type expected:<application/json> but was:<text/plain;charset=UTF-8>
	at org.springframework.test.util.AssertionErrors.fail(AssertionErrors.java:59)
	at org.springframework.test.util.AssertionErrors.assertEquals(AssertionErrors.java:122)
	at org.springframework.test.web.servlet.result.ContentResultMatchers.lambda$contentType$0(ContentResultMatchers.java:86)
	at org.springframework.test.web.servlet.MockMvc$1.andExpect(MockMvc.java:214)
	at com.pbs.app.ControllerTests.testMostScannedBrands(ControllerTests.java:80)
	at java.base/java.lang.reflect.Method.invoke(Method.java:580)
	at java.base/java.util.ArrayList.forEach(ArrayList.java:1596)
	at java.base/java.util.ArrayList.forEach(ArrayList.java:1596)
]]></failure>
    <system-out><![CDATA[
MockHttpServletRequest:
      HTTP Method = POST
      Request URI = /mostscannedbrands
       Parameters = {}
          Headers = []
             Body = null
    Session Attrs = {}

Handler:
             Type = com.pbs.app.Controller
           Method = com.pbs.app.Controller#mostScannedBrands()

Async:
    Async started = false
     Async result = null

Resolved Exception:
             Type = null

ModelAndView:
        View name = null
             View = null
            Model = null

FlashMap:
       Attributes = null

MockHttpServletResponse:
           Status = 200
    Error message = null
          Headers = [Content-Type:"text/plain;charset=UTF-8", Content-Length:"47"]
     Content type = text/plain;charset=UTF-8
             Body = [LEGO, Bose, Namesake, Anker, Beats by Dr. Dre]
    Forwarded URL = null
   Redirected URL = null
          Cookies = []
]]></system-out>
  </testcase>
  <testcase name="testMostSharedBrands" classname="com.pbs.app.ControllerTests" time="3.589">
    <failure message="Content type expected:&lt;application/json&gt; but was:&lt;text/plain;charset=UTF-8&gt;" type="java.lang.AssertionError"><![CDATA[java.lang.AssertionError: Content type expected:<application/json> but was:<text/plain;charset=UTF-8>
	at org.springframework.test.util.AssertionErrors.fail(AssertionErrors.java:59)
	at org.springframework.test.util.AssertionErrors.assertEquals(AssertionErrors.java:122)
	at org.springframework.test.web.servlet.result.ContentResultMatchers.lambda$contentType$0(ContentResultMatchers.java:86)
	at org.springframework.test.web.servlet.MockMvc$1.andExpect(MockMvc.java:214)
	at com.pbs.app.ControllerTests.testMostSharedBrands(ControllerTests.java:110)
	at java.base/java.lang.reflect.Method.invoke(Method.java:580)
	at java.base/java.util.ArrayList.forEach(ArrayList.java:1596)
	at java.base/java.util.ArrayList.forEach(ArrayList.java:1596)
]]></failure>
    <system-out><![CDATA[
MockHttpServletRequest:
      HTTP Method = POST
      Request URI = /mostsharedbrands
       Parameters = {}
          Headers = []
             Body = null
    Session Attrs = {}

Handler:
             Type = com.pbs.app.Controller
           Method = com.pbs.app.Controller#mostSharedBrands()

Async:
    Async started = false
     Async result = null

Resolved Exception:
             Type = null

ModelAndView:
        View name = null
             View = null
            Model = null

FlashMap:
       Attributes = null

MockHttpServletResponse:
           Status = 200
    Error message = null
          Headers = [Content-Type:"text/plain;charset=UTF-8", Content-Length:"30"]
     Content type = text/plain;charset=UTF-8
             Body = [LEGO, Simply Gum, null, null]
    Forwarded URL = null
   Redirected URL = null
          Cookies = []
]]></system-out>
  </testcase>
  <testcase name="testMostFavoritedBrands" classname="com.pbs.app.ControllerTests" time="3.477">
    <failure message="Content type expected:&lt;application/json&gt; but was:&lt;text/plain;charset=UTF-8&gt;" type="java.lang.AssertionError"><![CDATA[java.lang.AssertionError: Content type expected:<application/json> but was:<text/plain;charset=UTF-8>
	at org.springframework.test.util.AssertionErrors.fail(AssertionErrors.java:59)
	at org.springframework.test.util.AssertionErrors.assertEquals(AssertionErrors.java:122)
	at org.springframework.test.web.servlet.result.ContentResultMatchers.lambda$contentType$0(ContentResultMatchers.java:86)
	at org.springframework.test.web.servlet.MockMvc$1.andExpect(MockMvc.java:214)
	at com.pbs.app.ControllerTests.testMostFavoritedBrands(ControllerTests.java:95)
	at java.base/java.lang.reflect.Method.invoke(Method.java:580)
	at java.base/java.util.ArrayList.forEach(ArrayList.java:1596)
	at java.base/java.util.ArrayList.forEach(ArrayList.java:1596)
]]></failure>
    <system-out><![CDATA[
MockHttpServletRequest:
      HTTP Method = POST
      Request URI = /mostfavoritedbrands
       Parameters = {}
          Headers = []
             Body = null
    Session Attrs = {}

Handler:
             Type = com.pbs.app.Controller
           Method = com.pbs.app.Controller#mostFavoritedBrands()

Async:
    Async started = false
     Async result = null

Resolved Exception:
             Type = null

ModelAndView:
        View name = null
             View = null
            Model = null

FlashMap:
       Attributes = null

MockHttpServletResponse:
           Status = 200
    Error message = null
          Headers = [Content-Type:"text/plain;charset=UTF-8", Content-Length:"51"]
     Content type = text/plain;charset=UTF-8
             Body = [LEGO, null, Simply Gum, Namesake, HeartBrand Beef]
    Forwarded URL = null
   Redirected URL = null
          Cookies = []
]]></system-out>
  </testcase>
  <testcase name="testRankingOfMostShared" classname="com.pbs.app.ControllerTests" time="5.269">
    <failure message="Content type expected:&lt;application/json&gt; but was:&lt;text/plain;charset=UTF-8&gt;" type="java.lang.AssertionError"><![CDATA[java.lang.AssertionError: Content type expected:<application/json> but was:<text/plain;charset=UTF-8>
	at org.springframework.test.util.AssertionErrors.fail(AssertionErrors.java:59)
	at org.springframework.test.util.AssertionErrors.assertEquals(AssertionErrors.java:122)
	at org.springframework.test.web.servlet.result.ContentResultMatchers.lambda$contentType$0(ContentResultMatchers.java:86)
	at org.springframework.test.web.servlet.MockMvc$1.andExpect(MockMvc.java:214)
	at com.pbs.app.ControllerTests.testRankingOfMostShared(ControllerTests.java:159)
	at java.base/java.lang.reflect.Method.invoke(Method.java:580)
	at java.base/java.util.ArrayList.forEach(ArrayList.java:1596)
	at java.base/java.util.ArrayList.forEach(ArrayList.java:1596)
]]></failure>
    <system-out><![CDATA[
MockHttpServletRequest:
      HTTP Method = POST
      Request URI = /rankingofmostshared
       Parameters = {}
          Headers = []
             Body = null
    Session Attrs = {}

Handler:
             Type = com.pbs.app.Controller
           Method = com.pbs.app.Controller#rankingOfMostShared()

Async:
    Async started = false
     Async result = null

Resolved Exception:
             Type = null

ModelAndView:
        View name = null
             View = null
            Model = null

FlashMap:
       Attributes = null

MockHttpServletResponse:
           Status = 200
    Error message = null
          Headers = [Content-Type:"text/plain;charset=UTF-8", Content-Length:"8211"]
     Content type = text/plain;charset=UTF-8
             Body = [{"productID":"P1658000591","name":"LEGO Star Wars: Captain Rex Y-Wing Microfighter - (75391)","price":"19.635056522728803","currency":"USD","category":"Construction set toys","brand":"LEGO","commissionRate":"3.0","affiliate":"Impact","description":"LEGO 75391 - Star Wars Captain Rex Y-wing Microfighter Let kids team up with a popular Star Wars: The Clone Wars character on playtime missions with this LEGO® brick-built Captain Rex Y-Wing Microfighter (75391) starship toy. A fun fantasy gift idea for creative boys, girls and any young fan aged 6 and up, this buildable vehicle toy playset features the first-ever LEGO Star Wars™ construction model of Captain Rex’s Y-wing. Designed to be easy to build so the action starts fast, this miniature version of the iconic Star Wars starfighter has a minifigure cockpit and 2 stud shooters, and the included Captain Rex LEGO minifigure comes with 2 blasters.Add another dimension to your child’s creative experience with the LEGO Builder app, featuring instructions and digital zoom and rotate viewing tools to help them build with confidence.This small set is part of a fun collectible series of quick-build LEGO Star Wars Microfighters (sold separately), which can be matched up for even more brick-built action-adventures.Quick-build, microscale LEGO® Star Wars™ vehicle toy – Inspire young kids to create their own Star Wars: The Clone Wars adventures with this brick-built Captain Rex’s Y-Wing Microfighter starshipCaptain Rex LEGO® minifigure – A fun fantasy gift idea for creative kids, this buildable playset includes the Star Wars™ character Captain Rex with 2 blaster pistols for action playThe first-ever LEGO® brick-built model of Captain Rex’s Y-wing – This miniature scale LEGO Star Wars™ starfighter has a cockpit with space for a LEGO minifigure and 2 stud shootersLEGO® Star Wars™ collectible Microfighters for kids – This buildable toy playset is a fun match-up for other LEGO Star Wars Microfighters (sold separately) to open up even more play possibilitiesLEGO® Star Wars™ gift for kids aged 6 and up – This LEGO brick-built starship toy makes a fun everyday gift for boys, girls and any Star Wars fanA helping hand – Discover intuitive instructions in the LEGO® Builder app, where builders can view a 3D digital version of the construction model as they build and develop new skillsCreative building toys for all ages – Collectible LEGO® Star Wars™ sets enable kids and adult Star Wars fans to create their own adventures or simply display the buildable modelsBuilt for action play and display – The Captain Rex Y-Wing Microfighter buildable toy in this 99-piece set measures over 1 in. (2 cm) high, 4.5 in. (11 cm) long and 3 in. (8 cm) wide","imageURL":"https://www.bigw.com.au/medias/sys_master/images/images/h08/h51/49514013425694.jpg","couponsAvailable":false,"topRated":false,"isNew":false,"isPriorityListing":false,"onSale":false,"onPromotion":false,"points":0},{"productID":"729","name":"ASSORTED GUM- MINT LOVERS","price":"15.99","barcode":"4","currency":"USD","category":"null","brand":"Simply Gum","commissionRate":"15.00-15.00","affiliate":"Impact","webURL":"https://simply-gum.myshopify.com/products/assorted-gum-mint-lovers","affiliateWebURL":"https://simply-gum.myshopify.com/products/assorted-gum-mint-lovers","description":"\u003cmeta charset\u003d\"utf-8\"\u003e\n\u003cp\u003e\u003cspan\u003e3 Packs Each of Peppermint Gum and Spearmint Gum. \u003c/span\u003e\u003cspan\u003eEach pack of gum is made in New York with the finest ingredients sourced from around the world. We never use anything artificial - \u003c/span\u003eno\u003cspan\u003e aspartame or synthetic plastics.\u003c/span\u003e\u003c/p\u003e\n\u003c!-- split --\u003e\n\u003ch5\u003e\u003c/h5\u003e","earningsPerClick":"0.00","totalSalesVolume":"0","imageURL":"https://cdn.shopify.com/s/files/1/1081/8218/products/MintLovers6pk.jpg?v\u003d1655485654","couponsAvailable":false,"topRated":false,"isNew":false,"isPriorityListing":false,"onSale":false,"onPromotion":false,"points":0},{"productID":"P-2058832676","name":"PicassoTiles Magnet Tile Building Blocks 3-in-1 Crane, Dump Truck, and Ladder Construction Vehicle Brick Compatible Magnetic Tiles Toy Set with Car Base Character Action STEM Learning Kit Age 3+ PTU03","price":"174.90","barcode":"","currency":"AUD","category":"Building toys","brand":"null","commissionRate":"0.75","affiliate":"Impact","logoUri":"https://cdn1.impact.com/display-logo-via-campaign/8922.png","webURL":"https://www.kogan.com/au/buy/thriftyfox-picassotiles-magnet-tile-building-blocks-3-in-1-crane-dump-truck-and-ladder-construction-vehicle-brick-compatible-magnetic-tiles-toy-set-with-car-base-character-action-stem-learning-kit-age-3-ptu03-b0cp8y4rnb/","affiliateWebURL":"https://www.kogan.com/au/buy/thriftyfox-picassotiles-magnet-tile-building-blocks-3-in-1-crane-dump-truck-and-ladder-construction-vehicle-brick-compatible-magnetic-tiles-toy-set-with-car-base-character-action-stem-learning-kit-age-3-ptu03-b0cp8y4rnb/","description":"DREAM BIG BUILD BIG: This 15-piece 3-in-1 playset is compatible with other PicassoTiles interlocking building bricks excluding the car base. It features an action figure, car base, and interchangeable pieces for a crane, dump, or ladder truck. The magnetic character action figure has omnidirectional arms and legs, allowing you to rotate them around its body for more versatility and creative play. This is a perfect addition for any magnet modular construction piece toy brand.UNIVERSAL COMPATIBILITY: Our 3-in-1 playset offers unmatched versatility. The magnet building tiles and character action figures effortlessly blend with an array of our legacy PicassoTiles magnetic structural block playsets. This exciting compatibility opens the door to playtime adventures, inviting children to explore their creativity and imagination by constructing structures and by forging new friendships with magnetic characters. Bring dreams to life through imaginative play with this toy.LEARNING THROUGH PLAY: Our 15pc magnet tile 3-in-1 building block toy set boosts STEAM education through hands-on fun. Magnetic tiles teach physics and geometry, executive functioning, and aids in enhancing fine motor and problem-solving skills. Action figures and vehicles inspire imaginative storytelling, fostering creativity and communication. It’s a dynamic playset that combines entertainment and instruction for young minds.ENDLESS ENTERTAINMENT: This 3-in-1 playset has flexible joints and a sturdy build to ensure smooth transitions, allowing your young engineer to take on various construction challenges with ease. Watch your children get creative in their storytelling through play by transforming this toy in three different ways. It will encourage them to explore, innovate, and bring their imaginative world to life with this versatile and engaging 3-in-1 kit.BPA-FREE NON-TOXIC: We place safety above all else. Our PicassoTile toy sets are BPA-free and non-toxic, creating a safe environment for your child’s playtime. Every magnetized tile is thoughtfully shaped with smooth edges, enhancing the protective shield against any accidental cuts or bumps. With us, you’re not only guaranteeing enjoyable amusement, but also embracing the peace of mind that comes from knowing your little ones exploration is shielded from harmful elements.","earningsPerClick":"0.12","totalSalesVolume":"0","imageURL":"https://assets.kogan.com/images/thriftyfox/TFX-B0CP8Y4RNB/1-26d8d09a85-41qs1qwmccl_sl500.jpg?auto\u003dwebp\u0026quality\u003d90","mostRecentDate":"2024-09-10T02:49:32-07:00","couponsAvailable":false,"topRated":false,"isNew":true,"isPriorityListing":false,"onSale":false,"onPromotion":false,"points":0},{"productID":"P123","name":"Product 1","barcode":"1234567890","imageURL":"url.com/image1","couponsAvailable":false,"topRated":false,"isNew":false,"isPriorityListing":false,"onSale":false,"onPromotion":false,"points":0},{"productID":"P222","name":"Product 1","barcode":"1234567890","imageURL":"url.com/image1","couponsAvailable":false,"topRated":false,"isNew":false,"isPriorityListing":false,"onSale":false,"onPromotion":false,"points":0}]
    Forwarded URL = null
   Redirected URL = null
          Cookies = []
]]></system-out>
  </testcase>
</testsuite>